[debug] [2023-03-09T14:49:29.331Z] ----------------------------------------------------------------------
[debug] [2023-03-09T14:49:29.333Z] Command:       C:\Program Files\nodejs\node.exe C:\Users\antoi\AppData\Roaming\npm\node_modules\firebase-tools\lib\bin\firebase.js login
[debug] [2023-03-09T14:49:29.334Z] CLI Version:   11.24.1
[debug] [2023-03-09T14:49:29.334Z] Platform:      win32
[debug] [2023-03-09T14:49:29.334Z] Node Version:  v19.6.1
[debug] [2023-03-09T14:49:29.334Z] Time:          Thu Mar 09 2023 14:49:29 GMT+0000 (heure moyenne de Greenwich)
[debug] [2023-03-09T14:49:29.334Z] ----------------------------------------------------------------------
[debug] 
[info] i  Firebase optionally collects CLI and Emulator Suite usage and error reporting information to help improve our products. Data is collected in accordance with Google's privacy policy (https://policies.google.com/privacy) and is not used to identify you.
 
[info] i  To change your data collection preference at any time, run `firebase logout` and log in again. 
[info] 
[info] Visit this URL on this device to log in:
[info] https://accounts.google.com/o/oauth2/auth?client_id=563584335869-fgrhgmd47bqnekij5i8b5pr03ho849e6.apps.googleusercontent.com&scope=email%20openid%20https%3A%2F%2Fwww.googleapis.com%2Fauth%2Fcloudplatformprojects.readonly%20https%3A%2F%2Fwww.googleapis.com%2Fauth%2Ffirebase%20https%3A%2F%2Fwww.googleapis.com%2Fauth%2Fcloud-platform&response_type=code&state=148973323&redirect_uri=http%3A%2F%2Flocalhost%3A9005
[info] 
[info] Waiting for authentication...
[debug] [2023-03-09T14:49:41.916Z] >>> [apiv2][query] POST https://accounts.google.com/o/oauth2/token [none]
[debug] [2023-03-09T14:49:41.917Z] >>> [apiv2][body] POST https://accounts.google.com/o/oauth2/token [omitted]
[debug] [2023-03-09T14:49:42.363Z] <<< [apiv2][status] POST https://accounts.google.com/o/oauth2/token 200
[debug] [2023-03-09T14:49:42.364Z] <<< [apiv2][body] POST https://accounts.google.com/o/oauth2/token [omitted]
[info] 
[info] +  Success! Logged in as admin@etsleblanc.fr 
[debug] [2023-03-09T14:49:52.413Z] Error: Timed out.
    at Timeout._onTimeout (C:\Users\antoi\AppData\Roaming\npm\node_modules\firebase-tools\lib\utils.js:253:49)
    at listOnTimeout (node:internal/timers:568:17)
    at process.processTimers (node:internal/timers:511:7)
[error] 
[error] Error: An unexpected error has occurred.
[debug] [2023-03-09T14:52:16.005Z] ----------------------------------------------------------------------
[debug] [2023-03-09T14:52:16.008Z] Command:       C:\Program Files\nodejs\node.exe C:\Users\antoi\AppData\Roaming\npm\node_modules\firebase-tools\lib\bin\firebase.js init
[debug] [2023-03-09T14:52:16.008Z] CLI Version:   11.24.1
[debug] [2023-03-09T14:52:16.008Z] Platform:      win32
[debug] [2023-03-09T14:52:16.008Z] Node Version:  v19.6.1
[debug] [2023-03-09T14:52:16.008Z] Time:          Thu Mar 09 2023 14:52:16 GMT+0000 (heure moyenne de Greenwich)
[debug] [2023-03-09T14:52:16.009Z] ----------------------------------------------------------------------
[debug] 
[debug] [2023-03-09T14:52:16.016Z] > command requires scopes: ["email","openid","https://www.googleapis.com/auth/cloudplatformprojects.readonly","https://www.googleapis.com/auth/firebase","https://www.googleapis.com/auth/cloud-platform"]
[debug] [2023-03-09T14:52:16.017Z] > authorizing via signed-in user (admin@etsleblanc.fr)
[info] 
     ######## #### ########  ######## ########     ###     ######  ########
     ##        ##  ##     ## ##       ##     ##  ##   ##  ##       ##
     ######    ##  ########  ######   ########  #########  ######  ######
     ##        ##  ##    ##  ##       ##     ## ##     ##       ## ##
     ##       #### ##     ## ######## ########  ##     ##  ######  ########

You're about to initialize a Firebase project in this directory:

  C:\Users\antoi\Documents\github-cyber-robot\leblanc-dashboard-front

[info] 
=== Project Setup
[info] 
[info] First, let's associate this project directory with a Firebase project.
[info] You can create multiple project aliases by running firebase use --add, 
[info] but for now we'll just set up a default project.
[info] 
[debug] [2023-03-09T14:52:50.709Z] >>> [apiv2][query] GET https://firebase.googleapis.com/v1beta1/projects pageSize=100
[debug] [2023-03-09T14:52:51.617Z] <<< [apiv2][status] GET https://firebase.googleapis.com/v1beta1/projects 200
[debug] [2023-03-09T14:52:51.617Z] <<< [apiv2][body] GET https://firebase.googleapis.com/v1beta1/projects [omitted]
[info] i  Using project dashboard-angular-4156e (Dashboard Angular) 
[info] 
=== Database Setup
[info] i  database: ensuring required API firebasedatabase.googleapis.com is enabled... 
[debug] [2023-03-09T14:53:03.104Z] >>> [apiv2][query] GET https://serviceusage.googleapis.com/v1/projects/dashboard-angular-4156e/services/firebasedatabase.googleapis.com [none]
[debug] [2023-03-09T14:53:03.104Z] >>> [apiv2][(partial)header] GET https://serviceusage.googleapis.com/v1/projects/dashboard-angular-4156e/services/firebasedatabase.googleapis.com x-goog-quota-user=projects/dashboard-angular-4156e
[debug] [2023-03-09T14:53:04.218Z] <<< [apiv2][status] GET https://serviceusage.googleapis.com/v1/projects/dashboard-angular-4156e/services/firebasedatabase.googleapis.com 200
[debug] [2023-03-09T14:53:04.218Z] <<< [apiv2][body] GET https://serviceusage.googleapis.com/v1/projects/dashboard-angular-4156e/services/firebasedatabase.googleapis.com [omitted]
[warn] !  database: missing required API firebasedatabase.googleapis.com. Enabling now... 
[debug] [2023-03-09T14:53:04.219Z] >>> [apiv2][query] POST https://serviceusage.googleapis.com/v1/projects/dashboard-angular-4156e/services/firebasedatabase.googleapis.com:enable [none]
[debug] [2023-03-09T14:53:04.219Z] >>> [apiv2][(partial)header] POST https://serviceusage.googleapis.com/v1/projects/dashboard-angular-4156e/services/firebasedatabase.googleapis.com:enable x-goog-quota-user=projects/dashboard-angular-4156e
[debug] [2023-03-09T14:53:05.582Z] <<< [apiv2][status] POST https://serviceusage.googleapis.com/v1/projects/dashboard-angular-4156e/services/firebasedatabase.googleapis.com:enable 200
[debug] [2023-03-09T14:53:05.582Z] <<< [apiv2][body] POST https://serviceusage.googleapis.com/v1/projects/dashboard-angular-4156e/services/firebasedatabase.googleapis.com:enable [omitted]
[debug] [2023-03-09T14:53:15.596Z] >>> [apiv2][query] GET https://serviceusage.googleapis.com/v1/projects/dashboard-angular-4156e/services/firebasedatabase.googleapis.com [none]
[debug] [2023-03-09T14:53:15.597Z] >>> [apiv2][(partial)header] GET https://serviceusage.googleapis.com/v1/projects/dashboard-angular-4156e/services/firebasedatabase.googleapis.com x-goog-quota-user=projects/dashboard-angular-4156e
[debug] [2023-03-09T14:53:16.657Z] <<< [apiv2][status] GET https://serviceusage.googleapis.com/v1/projects/dashboard-angular-4156e/services/firebasedatabase.googleapis.com 200
[debug] [2023-03-09T14:53:16.658Z] <<< [apiv2][body] GET https://serviceusage.googleapis.com/v1/projects/dashboard-angular-4156e/services/firebasedatabase.googleapis.com [omitted]
[info] +  database: required API firebasedatabase.googleapis.com is enabled 
[info] 
[debug] [2023-03-09T14:53:16.661Z] >>> [apiv2][query] GET https://firebase.googleapis.com/v1beta1/projects/dashboard-angular-4156e [none]
[debug] [2023-03-09T14:53:17.176Z] <<< [apiv2][status] GET https://firebase.googleapis.com/v1beta1/projects/dashboard-angular-4156e 200
[debug] [2023-03-09T14:53:17.176Z] <<< [apiv2][body] GET https://firebase.googleapis.com/v1beta1/projects/dashboard-angular-4156e {"projectId":"dashboard-angular-4156e","projectNumber":"676467061736","displayName":"Dashboard Angular","name":"projects/dashboard-angular-4156e","resources":{"hostingSite":"dashboard-angular-4156e"},"state":"ACTIVE","etag":"1_5c73aac9-2322-41e0-8393-bdb89bc25e05"}
[debug] [2023-03-09T14:53:24.545Z] >>> [apiv2][query] POST https://firebasedatabase.googleapis.com/v1beta/projects/dashboard-angular-4156e/locations/europe-west1/instances databaseId=dashboard-angular-4156e-default-rtdb&validateOnly=true
[debug] [2023-03-09T14:53:24.545Z] >>> [apiv2][body] POST https://firebasedatabase.googleapis.com/v1beta/projects/dashboard-angular-4156e/locations/europe-west1/instances {"type":"default_database"}
[debug] [2023-03-09T14:53:25.475Z] <<< [apiv2][status] POST https://firebasedatabase.googleapis.com/v1beta/projects/dashboard-angular-4156e/locations/europe-west1/instances 200
[debug] [2023-03-09T14:53:25.475Z] <<< [apiv2][body] POST https://firebasedatabase.googleapis.com/v1beta/projects/dashboard-angular-4156e/locations/europe-west1/instances {"name":"projects/676467061736/locations/europe-west1/instances/dashboard-angular-4156e-default-rtdb","project":"projects/676467061736","databaseUrl":"https://dashboard-angular-4156e-default-rtdb.europe-west1.firebasedatabase.app","type":"DEFAULT_DATABASE","state":"ACTIVE"}
[debug] [2023-03-09T14:53:25.476Z] >>> [apiv2][query] POST https://firebasedatabase.googleapis.com/v1beta/projects/dashboard-angular-4156e/locations/europe-west1/instances databaseId=dashboard-angular-4156e-default-rtdb
[debug] [2023-03-09T14:53:25.476Z] >>> [apiv2][body] POST https://firebasedatabase.googleapis.com/v1beta/projects/dashboard-angular-4156e/locations/europe-west1/instances {"type":"default_database"}
[debug] [2023-03-09T14:53:26.348Z] <<< [apiv2][status] POST https://firebasedatabase.googleapis.com/v1beta/projects/dashboard-angular-4156e/locations/europe-west1/instances 200
[debug] [2023-03-09T14:53:26.348Z] <<< [apiv2][body] POST https://firebasedatabase.googleapis.com/v1beta/projects/dashboard-angular-4156e/locations/europe-west1/instances {"name":"projects/676467061736/locations/europe-west1/instances/dashboard-angular-4156e-default-rtdb","project":"projects/676467061736","databaseUrl":"https://dashboard-angular-4156e-default-rtdb.europe-west1.firebasedatabase.app","type":"DEFAULT_DATABASE","state":"ACTIVE"}
[info] 
[info] Firebase Realtime Database Security Rules allow you to define how your data should be
[info] structured and when your data can be read from and written to.
[info] 
[debug] [2023-03-09T14:53:34.643Z] >>> [apiv2][query] GET https://dashboard-angular-4156e-default-rtdb.europe-west1.firebasedatabase.app/.settings/rules.json [none]
[debug] [2023-03-09T14:53:36.139Z] <<< [apiv2][status] GET https://dashboard-angular-4156e-default-rtdb.europe-west1.firebasedatabase.app/.settings/rules.json 200
[debug] [2023-03-09T14:53:36.139Z] <<< [apiv2][body] GET https://dashboard-angular-4156e-default-rtdb.europe-west1.firebasedatabase.app/.settings/rules.json [stream]
[info] +  Database Rules for dashboard-angular-4156e-default-rtdb have been written to database.rules.json. 
[info] Future modifications to database.rules.json will update Realtime Database Security Rules when you run
[info] firebase deploy.
[info] 
=== Firestore Setup
[debug] [2023-03-09T14:53:36.144Z] >>> [apiv2][query] GET https://serviceusage.googleapis.com/v1/projects/dashboard-angular-4156e/services/firestore.googleapis.com [none]
[debug] [2023-03-09T14:53:36.144Z] >>> [apiv2][(partial)header] GET https://serviceusage.googleapis.com/v1/projects/dashboard-angular-4156e/services/firestore.googleapis.com x-goog-quota-user=projects/dashboard-angular-4156e
[debug] [2023-03-09T14:53:37.121Z] <<< [apiv2][status] GET https://serviceusage.googleapis.com/v1/projects/dashboard-angular-4156e/services/firestore.googleapis.com 200
[debug] [2023-03-09T14:53:37.121Z] <<< [apiv2][body] GET https://serviceusage.googleapis.com/v1/projects/dashboard-angular-4156e/services/firestore.googleapis.com [omitted]
[debug] [2023-03-09T14:53:42.135Z] Error: Timed out.
    at Timeout._onTimeout (C:\Users\antoi\AppData\Roaming\npm\node_modules\firebase-tools\lib\utils.js:253:49)
    at listOnTimeout (node:internal/timers:568:17)
    at process.processTimers (node:internal/timers:511:7)
[error] 
[error] Error: An unexpected error has occurred.
[debug] [2023-03-09T14:55:04.481Z] ----------------------------------------------------------------------
[debug] [2023-03-09T14:55:04.484Z] Command:       C:\Program Files\nodejs\node.exe C:\Users\antoi\AppData\Roaming\npm\node_modules\firebase-tools\lib\bin\firebase.js init
[debug] [2023-03-09T14:55:04.484Z] CLI Version:   11.24.1
[debug] [2023-03-09T14:55:04.485Z] Platform:      win32
[debug] [2023-03-09T14:55:04.485Z] Node Version:  v19.6.1
[debug] [2023-03-09T14:55:04.485Z] Time:          Thu Mar 09 2023 14:55:04 GMT+0000 (heure moyenne de Greenwich)
[debug] [2023-03-09T14:55:04.485Z] ----------------------------------------------------------------------
[debug] 
[debug] [2023-03-09T14:55:04.493Z] > command requires scopes: ["email","openid","https://www.googleapis.com/auth/cloudplatformprojects.readonly","https://www.googleapis.com/auth/firebase","https://www.googleapis.com/auth/cloud-platform"]
[debug] [2023-03-09T14:55:04.493Z] > authorizing via signed-in user (admin@etsleblanc.fr)
[info] 
     ######## #### ########  ######## ########     ###     ######  ########
     ##        ##  ##     ## ##       ##     ##  ##   ##  ##       ##
     ######    ##  ########  ######   ########  #########  ######  ######
     ##        ##  ##    ##  ##       ##     ## ##     ##       ## ##
     ##       #### ##     ## ######## ########  ##     ##  ######  ########

You're about to initialize a Firebase project in this directory:

  C:\Users\antoi\Documents\github-cyber-robot\leblanc-dashboard-front

[info] 
=== Project Setup
[info] 
[info] First, let's associate this project directory with a Firebase project.
[info] You can create multiple project aliases by running firebase use --add, 
[info] but for now we'll just set up a default project.
[info] 
[debug] [2023-03-09T14:55:39.660Z] >>> [apiv2][query] GET https://firebase.googleapis.com/v1beta1/projects pageSize=100
[debug] [2023-03-09T14:55:40.514Z] <<< [apiv2][status] GET https://firebase.googleapis.com/v1beta1/projects 200
[debug] [2023-03-09T14:55:40.514Z] <<< [apiv2][body] GET https://firebase.googleapis.com/v1beta1/projects [omitted]
[info] i  Using project dashboard-angular-4156e (Dashboard Angular) 
[info] 
=== Database Setup
[info] i  database: ensuring required API firebasedatabase.googleapis.com is enabled... 
[debug] [2023-03-09T14:55:42.358Z] >>> [apiv2][query] GET https://serviceusage.googleapis.com/v1/projects/dashboard-angular-4156e/services/firebasedatabase.googleapis.com [none]
[debug] [2023-03-09T14:55:42.359Z] >>> [apiv2][(partial)header] GET https://serviceusage.googleapis.com/v1/projects/dashboard-angular-4156e/services/firebasedatabase.googleapis.com x-goog-quota-user=projects/dashboard-angular-4156e
[debug] [2023-03-09T14:55:43.555Z] <<< [apiv2][status] GET https://serviceusage.googleapis.com/v1/projects/dashboard-angular-4156e/services/firebasedatabase.googleapis.com 200
[debug] [2023-03-09T14:55:43.555Z] <<< [apiv2][body] GET https://serviceusage.googleapis.com/v1/projects/dashboard-angular-4156e/services/firebasedatabase.googleapis.com [omitted]
[info] +  database: required API firebasedatabase.googleapis.com is enabled 
[info] 
[debug] [2023-03-09T14:55:43.556Z] >>> [apiv2][query] GET https://firebasedatabase.googleapis.com/v1beta/projects/dashboard-angular-4156e/locations/-/instances/dashboard-angular-4156e-default-rtdb [none]
[debug] [2023-03-09T14:55:44.361Z] <<< [apiv2][status] GET https://firebasedatabase.googleapis.com/v1beta/projects/dashboard-angular-4156e/locations/-/instances/dashboard-angular-4156e-default-rtdb 200
[debug] [2023-03-09T14:55:44.361Z] <<< [apiv2][body] GET https://firebasedatabase.googleapis.com/v1beta/projects/dashboard-angular-4156e/locations/-/instances/dashboard-angular-4156e-default-rtdb {"name":"projects/676467061736/locations/europe-west1/instances/dashboard-angular-4156e-default-rtdb","project":"projects/676467061736","databaseUrl":"https://dashboard-angular-4156e-default-rtdb.europe-west1.firebasedatabase.app","type":"DEFAULT_DATABASE","state":"ACTIVE"}
[info] 
[info] Firebase Realtime Database Security Rules allow you to define how your data should be
[info] structured and when your data can be read from and written to.
[info] 
[debug] [2023-03-09T14:55:52.290Z] >>> [apiv2][query] GET https://dashboard-angular-4156e-default-rtdb.europe-west1.firebasedatabase.app/.settings/rules.json [none]
[debug] [2023-03-09T14:55:52.631Z] <<< [apiv2][status] GET https://dashboard-angular-4156e-default-rtdb.europe-west1.firebasedatabase.app/.settings/rules.json 200
[debug] [2023-03-09T14:55:52.631Z] <<< [apiv2][body] GET https://dashboard-angular-4156e-default-rtdb.europe-west1.firebasedatabase.app/.settings/rules.json [stream]
[info] +  Database Rules for dashboard-angular-4156e-default-rtdb have been written to database.rules.json. 
[info] Future modifications to database.rules.json will update Realtime Database Security Rules when you run
[info] firebase deploy.
[info] 
=== Firestore Setup
[debug] [2023-03-09T14:55:52.634Z] >>> [apiv2][query] GET https://serviceusage.googleapis.com/v1/projects/dashboard-angular-4156e/services/firestore.googleapis.com [none]
[debug] [2023-03-09T14:55:52.634Z] >>> [apiv2][(partial)header] GET https://serviceusage.googleapis.com/v1/projects/dashboard-angular-4156e/services/firestore.googleapis.com x-goog-quota-user=projects/dashboard-angular-4156e
[debug] [2023-03-09T14:55:53.703Z] <<< [apiv2][status] GET https://serviceusage.googleapis.com/v1/projects/dashboard-angular-4156e/services/firestore.googleapis.com 200
[debug] [2023-03-09T14:55:53.703Z] <<< [apiv2][body] GET https://serviceusage.googleapis.com/v1/projects/dashboard-angular-4156e/services/firestore.googleapis.com [omitted]
[debug] [2023-03-09T14:55:53.703Z] >>> [apiv2][query] GET https://firestore.googleapis.com/v1/projects/dashboard-angular-4156e/databases/(default) [none]
[debug] [2023-03-09T14:55:54.109Z] <<< [apiv2][status] GET https://firestore.googleapis.com/v1/projects/dashboard-angular-4156e/databases/(default) 200
[debug] [2023-03-09T14:55:54.110Z] <<< [apiv2][body] GET https://firestore.googleapis.com/v1/projects/dashboard-angular-4156e/databases/(default) {"name":"projects/dashboard-angular-4156e/databases/(default)","uid":"cfc161fe-fb41-4df5-8df0-a4e7b801ff26","createTime":"2023-03-09T14:54:45.131081Z","updateTime":"2023-03-09T14:54:45.131081Z","locationId":"eur3","type":"FIRESTORE_NATIVE","concurrencyMode":"PESSIMISTIC","appEngineIntegrationMode":"DISABLED","keyPrefix":"e","etag":"IMynqbqNz/0CMMnutZqNz/0C"}
[debug] [2023-03-09T14:55:54.110Z] database_type: FIRESTORE_NATIVE
[debug] [2023-03-09T14:55:54.110Z] > command requires scopes: ["email","openid","https://www.googleapis.com/auth/cloudplatformprojects.readonly","https://www.googleapis.com/auth/firebase","https://www.googleapis.com/auth/cloud-platform"]
[debug] [2023-03-09T14:55:54.110Z] > authorizing via signed-in user (admin@etsleblanc.fr)
[debug] [2023-03-09T14:55:54.110Z] [iam] checking project dashboard-angular-4156e for permissions ["firebase.projects.get"]
[debug] [2023-03-09T14:55:54.111Z] >>> [apiv2][query] POST https://cloudresourcemanager.googleapis.com/v1/projects/dashboard-angular-4156e:testIamPermissions [none]
[debug] [2023-03-09T14:55:54.111Z] >>> [apiv2][(partial)header] POST https://cloudresourcemanager.googleapis.com/v1/projects/dashboard-angular-4156e:testIamPermissions x-goog-quota-user=projects/dashboard-angular-4156e
[debug] [2023-03-09T14:55:54.111Z] >>> [apiv2][body] POST https://cloudresourcemanager.googleapis.com/v1/projects/dashboard-angular-4156e:testIamPermissions {"permissions":["firebase.projects.get"]}
[debug] [2023-03-09T14:55:55.100Z] <<< [apiv2][status] POST https://cloudresourcemanager.googleapis.com/v1/projects/dashboard-angular-4156e:testIamPermissions 200
[debug] [2023-03-09T14:55:55.100Z] <<< [apiv2][body] POST https://cloudresourcemanager.googleapis.com/v1/projects/dashboard-angular-4156e:testIamPermissions {"permissions":["firebase.projects.get"]}
[info] 
[info] Firestore Security Rules allow you to define how and when to allow
[info] requests. You can keep these rules in your project directory
[info] and publish them with firebase deploy.
[info] 
[debug] [2023-03-09T14:55:56.243Z] >>> [apiv2][query] GET https://firebaserules.googleapis.com/v1/projects/dashboard-angular-4156e/releases pageSize=10&pageToken=
[debug] [2023-03-09T14:55:57.253Z] <<< [apiv2][status] GET https://firebaserules.googleapis.com/v1/projects/dashboard-angular-4156e/releases 200
[debug] [2023-03-09T14:55:57.253Z] <<< [apiv2][body] GET https://firebaserules.googleapis.com/v1/projects/dashboard-angular-4156e/releases {"releases":[{"name":"projects/dashboard-angular-4156e/releases/cloud.firestore","rulesetName":"projects/dashboard-angular-4156e/rulesets/335f5ff0-c4c1-417c-a2bd-2deffc6503ed","createTime":"2023-03-09T14:54:52.269648Z","updateTime":"2023-03-09T14:55:13.754376Z"}]}
[debug] [2023-03-09T14:55:57.253Z] Found ruleset: projects/dashboard-angular-4156e/rulesets/335f5ff0-c4c1-417c-a2bd-2deffc6503ed
[debug] [2023-03-09T14:55:57.254Z] >>> [apiv2][query] GET https://firebaserules.googleapis.com/v1/projects/dashboard-angular-4156e/rulesets/335f5ff0-c4c1-417c-a2bd-2deffc6503ed [none]
[debug] [2023-03-09T14:55:58.017Z] <<< [apiv2][status] GET https://firebaserules.googleapis.com/v1/projects/dashboard-angular-4156e/rulesets/335f5ff0-c4c1-417c-a2bd-2deffc6503ed 200
[debug] [2023-03-09T14:55:58.017Z] <<< [apiv2][body] GET https://firebaserules.googleapis.com/v1/projects/dashboard-angular-4156e/rulesets/335f5ff0-c4c1-417c-a2bd-2deffc6503ed [omitted]
[info] 
[info] Firestore indexes allow you to perform complex queries while
[info] maintaining performance that scales with the size of the result
[info] set. You can keep index definitions in your project directory
[info] and publish them with firebase deploy.
[info] 
[debug] [2023-03-09T14:55:59.771Z] >>> [apiv2][query] GET https://firestore.googleapis.com/v1/projects/dashboard-angular-4156e/databases/(default)/collectionGroups/-/indexes [none]
[debug] [2023-03-09T14:55:59.772Z] >>> [apiv2][query] GET https://firestore.googleapis.com/v1/projects/dashboard-angular-4156e/databases/(default)/collectionGroups/-/fields?filter=indexConfig.usesAncestorConfig=false OR ttlConfig:* [none]
[debug] [2023-03-09T14:56:00.121Z] <<< [apiv2][status] GET https://firestore.googleapis.com/v1/projects/dashboard-angular-4156e/databases/(default)/collectionGroups/-/indexes 200
[debug] [2023-03-09T14:56:00.121Z] <<< [apiv2][body] GET https://firestore.googleapis.com/v1/projects/dashboard-angular-4156e/databases/(default)/collectionGroups/-/indexes {}
[debug] [2023-03-09T14:56:00.310Z] <<< [apiv2][status] GET https://firestore.googleapis.com/v1/projects/dashboard-angular-4156e/databases/(default)/collectionGroups/-/fields?filter=indexConfig.usesAncestorConfig=false OR ttlConfig:* 200
[debug] [2023-03-09T14:56:00.310Z] <<< [apiv2][body] GET https://firestore.googleapis.com/v1/projects/dashboard-angular-4156e/databases/(default)/collectionGroups/-/fields?filter=indexConfig.usesAncestorConfig=false OR ttlConfig:* {"fields":[{"name":"projects/dashboard-angular-4156e/databases/(default)/collectionGroups/__default__/fields/*","indexConfig":{"indexes":[{"queryScope":"COLLECTION","fields":[{"fieldPath":"*","order":"ASCENDING"}],"state":"READY"},{"queryScope":"COLLECTION","fields":[{"fieldPath":"*","order":"DESCENDING"}],"state":"READY"},{"queryScope":"COLLECTION","fields":[{"fieldPath":"*","arrayConfig":"CONTAINS"}],"state":"READY"}]}}]}
[info] 
=== Hosting Setup
[info] 
[info] Your public directory is the folder (relative to your project directory) that
[info] will contain Hosting assets to be uploaded with firebase deploy. If you
[info] have a build process for your assets, use your build's output directory.
[info] 
[debug] [2023-03-09T14:56:20.324Z] ----------------------------------------------------------------------
[debug] [2023-03-09T14:56:20.327Z] Command:       C:\Program Files\nodejs\node.exe C:\Users\antoi\AppData\Roaming\npm\node_modules\firebase-tools\lib\bin\firebase.js init
[debug] [2023-03-09T14:56:20.327Z] CLI Version:   11.24.1
[debug] [2023-03-09T14:56:20.327Z] Platform:      win32
[debug] [2023-03-09T14:56:20.328Z] Node Version:  v19.6.1
[debug] [2023-03-09T14:56:20.328Z] Time:          Thu Mar 09 2023 14:56:20 GMT+0000 (heure moyenne de Greenwich)
[debug] [2023-03-09T14:56:20.328Z] ----------------------------------------------------------------------
[debug] 
[debug] [2023-03-09T14:56:20.335Z] > command requires scopes: ["email","openid","https://www.googleapis.com/auth/cloudplatformprojects.readonly","https://www.googleapis.com/auth/firebase","https://www.googleapis.com/auth/cloud-platform"]
[debug] [2023-03-09T14:56:20.336Z] > authorizing via signed-in user (admin@etsleblanc.fr)
[info] 
     ######## #### ########  ######## ########     ###     ######  ########
     ##        ##  ##     ## ##       ##     ##  ##   ##  ##       ##
     ######    ##  ########  ######   ########  #########  ######  ######
     ##        ##  ##    ##  ##       ##     ## ##     ##       ## ##
     ##       #### ##     ## ######## ########  ##     ##  ######  ########

You're about to initialize a Firebase project in this directory:

  C:\Users\antoi\Documents\github-cyber-robot\leblanc-dashboard-front

[info] 
=== Project Setup
[info] 
[info] First, let's associate this project directory with a Firebase project.
[info] You can create multiple project aliases by running firebase use --add, 
[info] but for now we'll just set up a default project.
[info] 
[debug] [2023-03-09T14:56:35.396Z] >>> [apiv2][query] GET https://firebase.googleapis.com/v1beta1/projects pageSize=100
[debug] [2023-03-09T14:56:36.136Z] <<< [apiv2][status] GET https://firebase.googleapis.com/v1beta1/projects 200
[debug] [2023-03-09T14:56:36.136Z] <<< [apiv2][body] GET https://firebase.googleapis.com/v1beta1/projects [omitted]
[info] i  Using project dashboard-angular-4156e (Dashboard Angular) 
[info] 
=== Database Setup
[info] i  database: ensuring required API firebasedatabase.googleapis.com is enabled... 
[debug] [2023-03-09T14:56:37.143Z] >>> [apiv2][query] GET https://serviceusage.googleapis.com/v1/projects/dashboard-angular-4156e/services/firebasedatabase.googleapis.com [none]
[debug] [2023-03-09T14:56:37.143Z] >>> [apiv2][(partial)header] GET https://serviceusage.googleapis.com/v1/projects/dashboard-angular-4156e/services/firebasedatabase.googleapis.com x-goog-quota-user=projects/dashboard-angular-4156e
[debug] [2023-03-09T14:56:38.157Z] <<< [apiv2][status] GET https://serviceusage.googleapis.com/v1/projects/dashboard-angular-4156e/services/firebasedatabase.googleapis.com 200
[debug] [2023-03-09T14:56:38.157Z] <<< [apiv2][body] GET https://serviceusage.googleapis.com/v1/projects/dashboard-angular-4156e/services/firebasedatabase.googleapis.com [omitted]
[info] +  database: required API firebasedatabase.googleapis.com is enabled 
[info] 
[debug] [2023-03-09T14:56:38.158Z] >>> [apiv2][query] GET https://firebasedatabase.googleapis.com/v1beta/projects/dashboard-angular-4156e/locations/-/instances/dashboard-angular-4156e-default-rtdb [none]
[debug] [2023-03-09T14:56:38.603Z] <<< [apiv2][status] GET https://firebasedatabase.googleapis.com/v1beta/projects/dashboard-angular-4156e/locations/-/instances/dashboard-angular-4156e-default-rtdb 200
[debug] [2023-03-09T14:56:38.603Z] <<< [apiv2][body] GET https://firebasedatabase.googleapis.com/v1beta/projects/dashboard-angular-4156e/locations/-/instances/dashboard-angular-4156e-default-rtdb {"name":"projects/676467061736/locations/europe-west1/instances/dashboard-angular-4156e-default-rtdb","project":"projects/676467061736","databaseUrl":"https://dashboard-angular-4156e-default-rtdb.europe-west1.firebasedatabase.app","type":"DEFAULT_DATABASE","state":"ACTIVE"}
[info] 
[info] Firebase Realtime Database Security Rules allow you to define how your data should be
[info] structured and when your data can be read from and written to.
[info] 
[debug] [2023-03-09T14:56:42.626Z] >>> [apiv2][query] GET https://dashboard-angular-4156e-default-rtdb.europe-west1.firebasedatabase.app/.settings/rules.json [none]
[debug] [2023-03-09T14:56:42.988Z] <<< [apiv2][status] GET https://dashboard-angular-4156e-default-rtdb.europe-west1.firebasedatabase.app/.settings/rules.json 200
[debug] [2023-03-09T14:56:42.989Z] <<< [apiv2][body] GET https://dashboard-angular-4156e-default-rtdb.europe-west1.firebasedatabase.app/.settings/rules.json [stream]
[info] +  Database Rules for dashboard-angular-4156e-default-rtdb have been written to database.rules.json. 
[info] Future modifications to database.rules.json will update Realtime Database Security Rules when you run
[info] firebase deploy.
[info] 
=== Firestore Setup
[debug] [2023-03-09T14:56:42.992Z] >>> [apiv2][query] GET https://serviceusage.googleapis.com/v1/projects/dashboard-angular-4156e/services/firestore.googleapis.com [none]
[debug] [2023-03-09T14:56:42.992Z] >>> [apiv2][(partial)header] GET https://serviceusage.googleapis.com/v1/projects/dashboard-angular-4156e/services/firestore.googleapis.com x-goog-quota-user=projects/dashboard-angular-4156e
[debug] [2023-03-09T14:56:43.891Z] <<< [apiv2][status] GET https://serviceusage.googleapis.com/v1/projects/dashboard-angular-4156e/services/firestore.googleapis.com 200
[debug] [2023-03-09T14:56:43.892Z] <<< [apiv2][body] GET https://serviceusage.googleapis.com/v1/projects/dashboard-angular-4156e/services/firestore.googleapis.com [omitted]
[debug] [2023-03-09T14:56:43.892Z] >>> [apiv2][query] GET https://firestore.googleapis.com/v1/projects/dashboard-angular-4156e/databases/(default) [none]
[debug] [2023-03-09T14:56:44.326Z] <<< [apiv2][status] GET https://firestore.googleapis.com/v1/projects/dashboard-angular-4156e/databases/(default) 200
[debug] [2023-03-09T14:56:44.326Z] <<< [apiv2][body] GET https://firestore.googleapis.com/v1/projects/dashboard-angular-4156e/databases/(default) {"name":"projects/dashboard-angular-4156e/databases/(default)","uid":"cfc161fe-fb41-4df5-8df0-a4e7b801ff26","createTime":"2023-03-09T14:54:45.131081Z","updateTime":"2023-03-09T14:54:45.131081Z","locationId":"eur3","type":"FIRESTORE_NATIVE","concurrencyMode":"PESSIMISTIC","appEngineIntegrationMode":"DISABLED","keyPrefix":"e","etag":"IPbKntKNz/0CMIvJor2Nz/0C"}
[debug] [2023-03-09T14:56:44.326Z] database_type: FIRESTORE_NATIVE
[debug] [2023-03-09T14:56:44.326Z] > command requires scopes: ["email","openid","https://www.googleapis.com/auth/cloudplatformprojects.readonly","https://www.googleapis.com/auth/firebase","https://www.googleapis.com/auth/cloud-platform"]
[debug] [2023-03-09T14:56:44.326Z] > authorizing via signed-in user (admin@etsleblanc.fr)
[debug] [2023-03-09T14:56:44.326Z] [iam] checking project dashboard-angular-4156e for permissions ["firebase.projects.get"]
[debug] [2023-03-09T14:56:44.327Z] >>> [apiv2][query] POST https://cloudresourcemanager.googleapis.com/v1/projects/dashboard-angular-4156e:testIamPermissions [none]
[debug] [2023-03-09T14:56:44.327Z] >>> [apiv2][(partial)header] POST https://cloudresourcemanager.googleapis.com/v1/projects/dashboard-angular-4156e:testIamPermissions x-goog-quota-user=projects/dashboard-angular-4156e
[debug] [2023-03-09T14:56:44.327Z] >>> [apiv2][body] POST https://cloudresourcemanager.googleapis.com/v1/projects/dashboard-angular-4156e:testIamPermissions {"permissions":["firebase.projects.get"]}
[debug] [2023-03-09T14:56:45.156Z] <<< [apiv2][status] POST https://cloudresourcemanager.googleapis.com/v1/projects/dashboard-angular-4156e:testIamPermissions 200
[debug] [2023-03-09T14:56:45.156Z] <<< [apiv2][body] POST https://cloudresourcemanager.googleapis.com/v1/projects/dashboard-angular-4156e:testIamPermissions {"permissions":["firebase.projects.get"]}
[info] 
[info] Firestore Security Rules allow you to define how and when to allow
[info] requests. You can keep these rules in your project directory
[info] and publish them with firebase deploy.
[info] 
[debug] [2023-03-09T14:56:49.842Z] >>> [apiv2][query] GET https://firebaserules.googleapis.com/v1/projects/dashboard-angular-4156e/releases pageSize=10&pageToken=
[debug] [2023-03-09T14:56:50.794Z] <<< [apiv2][status] GET https://firebaserules.googleapis.com/v1/projects/dashboard-angular-4156e/releases 200
[debug] [2023-03-09T14:56:50.794Z] <<< [apiv2][body] GET https://firebaserules.googleapis.com/v1/projects/dashboard-angular-4156e/releases {"releases":[{"name":"projects/dashboard-angular-4156e/releases/cloud.firestore","rulesetName":"projects/dashboard-angular-4156e/rulesets/335f5ff0-c4c1-417c-a2bd-2deffc6503ed","createTime":"2023-03-09T14:54:52.269648Z","updateTime":"2023-03-09T14:55:13.754376Z"}]}
[debug] [2023-03-09T14:56:50.794Z] Found ruleset: projects/dashboard-angular-4156e/rulesets/335f5ff0-c4c1-417c-a2bd-2deffc6503ed
[debug] [2023-03-09T14:56:50.794Z] >>> [apiv2][query] GET https://firebaserules.googleapis.com/v1/projects/dashboard-angular-4156e/rulesets/335f5ff0-c4c1-417c-a2bd-2deffc6503ed [none]
[debug] [2023-03-09T14:56:51.523Z] <<< [apiv2][status] GET https://firebaserules.googleapis.com/v1/projects/dashboard-angular-4156e/rulesets/335f5ff0-c4c1-417c-a2bd-2deffc6503ed 200
[debug] [2023-03-09T14:56:51.523Z] <<< [apiv2][body] GET https://firebaserules.googleapis.com/v1/projects/dashboard-angular-4156e/rulesets/335f5ff0-c4c1-417c-a2bd-2deffc6503ed [omitted]
[info] 
[info] Firestore indexes allow you to perform complex queries while
[info] maintaining performance that scales with the size of the result
[info] set. You can keep index definitions in your project directory
[info] and publish them with firebase deploy.
[info] 
[debug] [2023-03-09T14:57:02.035Z] >>> [apiv2][query] GET https://firestore.googleapis.com/v1/projects/dashboard-angular-4156e/databases/(default)/collectionGroups/-/indexes [none]
[debug] [2023-03-09T14:57:02.036Z] >>> [apiv2][query] GET https://firestore.googleapis.com/v1/projects/dashboard-angular-4156e/databases/(default)/collectionGroups/-/fields?filter=indexConfig.usesAncestorConfig=false OR ttlConfig:* [none]
[debug] [2023-03-09T14:57:02.530Z] <<< [apiv2][status] GET https://firestore.googleapis.com/v1/projects/dashboard-angular-4156e/databases/(default)/collectionGroups/-/fields?filter=indexConfig.usesAncestorConfig=false OR ttlConfig:* 200
[debug] [2023-03-09T14:57:02.530Z] <<< [apiv2][body] GET https://firestore.googleapis.com/v1/projects/dashboard-angular-4156e/databases/(default)/collectionGroups/-/fields?filter=indexConfig.usesAncestorConfig=false OR ttlConfig:* {"fields":[{"name":"projects/dashboard-angular-4156e/databases/(default)/collectionGroups/__default__/fields/*","indexConfig":{"indexes":[{"queryScope":"COLLECTION","fields":[{"fieldPath":"*","order":"ASCENDING"}],"state":"READY"},{"queryScope":"COLLECTION","fields":[{"fieldPath":"*","order":"DESCENDING"}],"state":"READY"},{"queryScope":"COLLECTION","fields":[{"fieldPath":"*","arrayConfig":"CONTAINS"}],"state":"READY"}]}}]}
[debug] [2023-03-09T14:57:02.531Z] <<< [apiv2][status] GET https://firestore.googleapis.com/v1/projects/dashboard-angular-4156e/databases/(default)/collectionGroups/-/indexes 200
[debug] [2023-03-09T14:57:02.531Z] <<< [apiv2][body] GET https://firestore.googleapis.com/v1/projects/dashboard-angular-4156e/databases/(default)/collectionGroups/-/indexes {}
[info] 
=== Hosting Setup
[info] 
[info] Your public directory is the folder (relative to your project directory) that
[info] will contain Hosting assets to be uploaded with firebase deploy. If you
[info] have a build process for your assets, use your build's output directory.
[info] 
[debug] [2023-03-09T14:57:54.154Z] >>> [apiv2][query] GET https://www.gstatic.com/firebasejs/releases.json [none]
[debug] [2023-03-09T14:57:55.189Z] <<< [apiv2][status] GET https://www.gstatic.com/firebasejs/releases.json 200
[debug] [2023-03-09T14:57:55.189Z] <<< [apiv2][body] GET https://www.gstatic.com/firebasejs/releases.json {"current":{"version":"9.17.2","browserURL":"https://www.gstatic.com/firebasejs/9.17.2/firebase.js","packageURL":"https://www.gstatic.com/firebasejs/9.17.2/firebase.tgz"},"live":{"version":"9.17","browserURL":"https://www.gstatic.com/firebasejs/live/9.17/firebase.js","packageURL":"https://www.gstatic.com/firebasejs/live/9.17/firebase.tgz"},"components":{"analytics":"https://www.gstatic.com/firebasejs/9.17.2/firebase-analytics.js","app":"https://www.gstatic.com/firebasejs/9.17.2/firebase-app.js","app-check":"https://www.gstatic.com/firebasejs/9.17.2/firebase-app-check.js","auth":"https://www.gstatic.com/firebasejs/9.17.2/firebase-auth.js","auth/cordova":"https://www.gstatic.com/firebasejs/9.17.2/firebase-auth/cordova.js","auth/react-native":"https://www.gstatic.com/firebasejs/9.17.2/firebase-auth/react-native.js","functions":"https://www.gstatic.com/firebasejs/9.17.2/firebase-functions.js","firestore":"https://www.gstatic.com/firebasejs/9.17.2/firebase-firestore.js","firestore/lite":"https://www.gstatic.com/firebasejs/9.17.2/firebase-firestore/lite.js","installations":"https://www.gstatic.com/firebasejs/9.17.2/firebase-installations.js","storage":"https://www.gstatic.com/firebasejs/9.17.2/firebase-storage.js","performance":"https://www.gstatic.com/firebasejs/9.17.2/firebase-performance.js","remote-config":"https://www.gstatic.com/firebasejs/9.17.2/firebase-remote-config.js","messaging":"https://www.gstatic.com/firebasejs/9.17.2/firebase-messaging.js","messaging/sw":"https://www.gstatic.com/firebasejs/9.17.2/firebase-messaging/sw.js","database":"https://www.gstatic.com/firebasejs/9.17.2/firebase-database.js","firestore.memory":"https://www.gstatic.com/firebasejs/9.17.2/firebase-firestore.memory.js"}}
[info] +  Wrote private/index.html 
[info] 
[info] i  Detected a .git folder at C:\Users\antoi\Documents\github-cyber-robot\leblanc-dashboard-front 
[info] i  Authorizing with GitHub to upload your service account to a GitHub repository's secrets store. 
[info] 
[info] Visit this URL on this device to log in:
[info] https://github.com/login/oauth/authorize?client_id=89cf50f02ac6aaed3484&state=155877716&redirect_uri=http%3A%2F%2Flocalhost%3A9005&scope=read%3Auser%20repo%20public_repo
[info] 
[info] Waiting for authentication...
[debug] [2023-03-09T14:58:08.386Z] >>> [apiv2][query] POST https://github.com/login/oauth/access_token [none]
[debug] [2023-03-09T14:58:08.386Z] >>> [apiv2][body] POST https://github.com/login/oauth/access_token [stream]
[debug] [2023-03-09T14:58:09.122Z] <<< [apiv2][status] POST https://github.com/login/oauth/access_token 200
[debug] [2023-03-09T14:58:09.122Z] <<< [apiv2][body] POST https://github.com/login/oauth/access_token {"access_token":"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","token_type":"bearer","scope":"read:user,repo"}
[debug] [2023-03-09T14:58:09.129Z] >>> [apiv2][query] GET https://api.github.com/user [none]
[debug] [2023-03-09T14:58:09.732Z] <<< [apiv2][status] GET https://api.github.com/user 200
[debug] [2023-03-09T14:58:09.732Z] <<< [apiv2][body] GET https://api.github.com/user {"login":"antoinefusilier","id":92016104,"node_id":"U_kgDOBXwN6A","avatar_url":"https://avatars.githubusercontent.com/u/92016104?v=4","gravatar_id":"","url":"https://api.github.com/users/antoinefusilier","html_url":"https://github.com/antoinefusilier","followers_url":"https://api.github.com/users/antoinefusilier/followers","following_url":"https://api.github.com/users/antoinefusilier/following{/other_user}","gists_url":"https://api.github.com/users/antoinefusilier/gists{/gist_id}","starred_url":"https://api.github.com/users/antoinefusilier/starred{/owner}{/repo}","subscriptions_url":"https://api.github.com/users/antoinefusilier/subscriptions","organizations_url":"https://api.github.com/users/antoinefusilier/orgs","repos_url":"https://api.github.com/users/antoinefusilier/repos","events_url":"https://api.github.com/users/antoinefusilier/events{/privacy}","received_events_url":"https://api.github.com/users/antoinefusilier/received_events","type":"User","site_admin":false,"name":"Antoine FUSILIER","company":"3W Academy","blog":"antoinefusilier","location":"Paris","email":null,"hireable":true,"bio":"Web Development & entrepreneurship\r\nWork Ours : 9h00 am / 5h00 pm (UTC+2)\r\nantoinefusilier@gmail.com","twitter_username":null,"public_repos":18,"public_gists":1,"followers":8,"following":24,"created_at":"2021-10-06T07:25:27Z","updated_at":"2023-02-16T07:39:30Z","private_gists":0,"total_private_repos":30,"owned_private_repos":30,"disk_usage":123818,"collaborators":0,"two_factor_authentication":false,"plan":{"name":"free","space":976562499,"collaborators":0,"private_repos":10000}}
[info] 
[info] +  Success! Logged into GitHub as antoinefusilier 
[info] 
[debug] [2023-03-09T14:58:49.714Z] >>> [apiv2][query] GET https://api.github.com/repos/etsleblanc/leblanc-angular-dashboard/actions/secrets/public-key type=owner
[debug] [2023-03-09T14:58:50.325Z] <<< [apiv2][status] GET https://api.github.com/repos/etsleblanc/leblanc-angular-dashboard/actions/secrets/public-key 404
[debug] [2023-03-09T14:58:50.325Z] <<< [apiv2][body] GET https://api.github.com/repos/etsleblanc/leblanc-angular-dashboard/actions/secrets/public-key {"message":"Not Found","documentation_url":"https://docs.github.com/rest/reference/actions#get-a-repository-public-key"}
[debug] [2023-03-09T14:59:02.041Z] >>> [apiv2][query] GET https://api.github.com/repos/etsleblanc/leblanc-angular-dashboard/actions/secrets/public-key type=owner
[debug] [2023-03-09T14:59:02.631Z] <<< [apiv2][status] GET https://api.github.com/repos/etsleblanc/leblanc-angular-dashboard/actions/secrets/public-key 404
[debug] [2023-03-09T14:59:02.632Z] <<< [apiv2][body] GET https://api.github.com/repos/etsleblanc/leblanc-angular-dashboard/actions/secrets/public-key {"message":"Not Found","documentation_url":"https://docs.github.com/rest/reference/actions#get-a-repository-public-key"}
[debug] [2023-03-09T14:59:04.001Z] >>> [apiv2][query] GET https://api.github.com/repos/etsleblanc/leblanc-angular-dashboard/actions/secrets/public-key type=owner
[debug] [2023-03-09T14:59:04.285Z] <<< [apiv2][status] GET https://api.github.com/repos/etsleblanc/leblanc-angular-dashboard/actions/secrets/public-key 404
[debug] [2023-03-09T14:59:04.286Z] <<< [apiv2][body] GET https://api.github.com/repos/etsleblanc/leblanc-angular-dashboard/actions/secrets/public-key {"message":"Not Found","documentation_url":"https://docs.github.com/rest/reference/actions#get-a-repository-public-key"}
[debug] [2023-03-09T14:59:05.985Z] >>> [apiv2][query] GET https://api.github.com/repos/etsleblanc/leblanc-angular-dashboard/actions/secrets/public-key type=owner
[debug] [2023-03-09T14:59:06.247Z] <<< [apiv2][status] GET https://api.github.com/repos/etsleblanc/leblanc-angular-dashboard/actions/secrets/public-key 404
[debug] [2023-03-09T14:59:06.247Z] <<< [apiv2][body] GET https://api.github.com/repos/etsleblanc/leblanc-angular-dashboard/actions/secrets/public-key {"message":"Not Found","documentation_url":"https://docs.github.com/rest/reference/actions#get-a-repository-public-key"}
[debug] [2023-03-09T14:59:06.737Z] >>> [apiv2][query] GET https://api.github.com/repos/etsleblanc/leblanc-angular-dashboard/actions/secrets/public-key type=owner
[debug] [2023-03-09T14:59:07.105Z] <<< [apiv2][status] GET https://api.github.com/repos/etsleblanc/leblanc-angular-dashboard/actions/secrets/public-key 404
[debug] [2023-03-09T14:59:07.105Z] <<< [apiv2][body] GET https://api.github.com/repos/etsleblanc/leblanc-angular-dashboard/actions/secrets/public-key {"message":"Not Found","documentation_url":"https://docs.github.com/rest/reference/actions#get-a-repository-public-key"}
[debug] [2023-03-09T15:00:54.242Z] >>> [apiv2][query] GET https://api.github.com/repos/etsleblanc/leblanc-angular-dashboard/actions/secrets/public-key type=owner
[debug] [2023-03-09T15:00:54.906Z] <<< [apiv2][status] GET https://api.github.com/repos/etsleblanc/leblanc-angular-dashboard/actions/secrets/public-key 404
[debug] [2023-03-09T15:00:54.906Z] <<< [apiv2][body] GET https://api.github.com/repos/etsleblanc/leblanc-angular-dashboard/actions/secrets/public-key {"message":"Not Found","documentation_url":"https://docs.github.com/rest/reference/actions#get-a-repository-public-key"}
[debug] [2023-03-09T15:01:00.514Z] >>> [apiv2][query] GET https://api.github.com/repos/etsleblanc/leblanc-angular-dashboard/actions/secrets/public-key type=owner
[debug] [2023-03-09T15:01:01.058Z] <<< [apiv2][status] GET https://api.github.com/repos/etsleblanc/leblanc-angular-dashboard/actions/secrets/public-key 404
[debug] [2023-03-09T15:01:01.058Z] <<< [apiv2][body] GET https://api.github.com/repos/etsleblanc/leblanc-angular-dashboard/actions/secrets/public-key {"message":"Not Found","documentation_url":"https://docs.github.com/rest/reference/actions#get-a-repository-public-key"}
[debug] [2023-03-09T15:01:08.890Z] >>> [apiv2][query] GET https://api.github.com/repos//actions/secrets/public-key type=owner
[debug] [2023-03-09T15:01:09.461Z] <<< [apiv2][status] GET https://api.github.com/repos//actions/secrets/public-key 404
[debug] [2023-03-09T15:01:09.461Z] <<< [apiv2][body] GET https://api.github.com/repos//actions/secrets/public-key {"message":"Not Found","documentation_url":"https://docs.github.com/rest"}
[debug] [2023-03-09T15:01:17.196Z] ----------------------------------------------------------------------
[debug] [2023-03-09T15:01:17.198Z] Command:       C:\Program Files\nodejs\node.exe C:\Users\antoi\AppData\Roaming\npm\node_modules\firebase-tools\lib\bin\firebase.js init
[debug] [2023-03-09T15:01:17.199Z] CLI Version:   11.24.1
[debug] [2023-03-09T15:01:17.199Z] Platform:      win32
[debug] [2023-03-09T15:01:17.199Z] Node Version:  v19.6.1
[debug] [2023-03-09T15:01:17.199Z] Time:          Thu Mar 09 2023 15:01:17 GMT+0000 (heure moyenne de Greenwich)
[debug] [2023-03-09T15:01:17.199Z] ----------------------------------------------------------------------
[debug] 
[debug] [2023-03-09T15:01:17.207Z] > command requires scopes: ["email","openid","https://www.googleapis.com/auth/cloudplatformprojects.readonly","https://www.googleapis.com/auth/firebase","https://www.googleapis.com/auth/cloud-platform"]
[debug] [2023-03-09T15:01:17.207Z] > authorizing via signed-in user (admin@etsleblanc.fr)
[info] 
     ######## #### ########  ######## ########     ###     ######  ########
     ##        ##  ##     ## ##       ##     ##  ##   ##  ##       ##
     ######    ##  ########  ######   ########  #########  ######  ######
     ##        ##  ##    ##  ##       ##     ## ##     ##       ## ##
     ##       #### ##     ## ######## ########  ##     ##  ######  ########

You're about to initialize a Firebase project in this directory:

  C:\Users\antoi\Documents\github-cyber-robot\leblanc-dashboard-front

[info] 
=== Project Setup
[info] 
[info] First, let's associate this project directory with a Firebase project.
[info] You can create multiple project aliases by running firebase use --add, 
[info] but for now we'll just set up a default project.
[info] 
[debug] [2023-03-09T15:01:45.597Z] >>> [apiv2][query] GET https://firebase.googleapis.com/v1beta1/projects pageSize=100
[debug] [2023-03-09T15:01:46.554Z] <<< [apiv2][status] GET https://firebase.googleapis.com/v1beta1/projects 200
[debug] [2023-03-09T15:01:46.554Z] <<< [apiv2][body] GET https://firebase.googleapis.com/v1beta1/projects [omitted]
[info] i  Using project dashboard-angular-4156e (Dashboard Angular) 
[info] 
=== Database Setup
[info] i  database: ensuring required API firebasedatabase.googleapis.com is enabled... 
[debug] [2023-03-09T15:01:49.176Z] >>> [apiv2][query] GET https://serviceusage.googleapis.com/v1/projects/dashboard-angular-4156e/services/firebasedatabase.googleapis.com [none]
[debug] [2023-03-09T15:01:49.176Z] >>> [apiv2][(partial)header] GET https://serviceusage.googleapis.com/v1/projects/dashboard-angular-4156e/services/firebasedatabase.googleapis.com x-goog-quota-user=projects/dashboard-angular-4156e
[debug] [2023-03-09T15:01:50.341Z] <<< [apiv2][status] GET https://serviceusage.googleapis.com/v1/projects/dashboard-angular-4156e/services/firebasedatabase.googleapis.com 200
[debug] [2023-03-09T15:01:50.341Z] <<< [apiv2][body] GET https://serviceusage.googleapis.com/v1/projects/dashboard-angular-4156e/services/firebasedatabase.googleapis.com [omitted]
[info] +  database: required API firebasedatabase.googleapis.com is enabled 
[info] 
[debug] [2023-03-09T15:01:50.342Z] >>> [apiv2][query] GET https://firebasedatabase.googleapis.com/v1beta/projects/dashboard-angular-4156e/locations/-/instances/dashboard-angular-4156e-default-rtdb [none]
[debug] [2023-03-09T15:01:51.071Z] <<< [apiv2][status] GET https://firebasedatabase.googleapis.com/v1beta/projects/dashboard-angular-4156e/locations/-/instances/dashboard-angular-4156e-default-rtdb 200
[debug] [2023-03-09T15:01:51.071Z] <<< [apiv2][body] GET https://firebasedatabase.googleapis.com/v1beta/projects/dashboard-angular-4156e/locations/-/instances/dashboard-angular-4156e-default-rtdb {"name":"projects/676467061736/locations/europe-west1/instances/dashboard-angular-4156e-default-rtdb","project":"projects/676467061736","databaseUrl":"https://dashboard-angular-4156e-default-rtdb.europe-west1.firebasedatabase.app","type":"DEFAULT_DATABASE","state":"ACTIVE"}
[info] 
[info] Firebase Realtime Database Security Rules allow you to define how your data should be
[info] structured and when your data can be read from and written to.
[info] 
[debug] [2023-03-09T15:01:54.474Z] >>> [apiv2][query] GET https://dashboard-angular-4156e-default-rtdb.europe-west1.firebasedatabase.app/.settings/rules.json [none]
[debug] [2023-03-09T15:01:54.941Z] <<< [apiv2][status] GET https://dashboard-angular-4156e-default-rtdb.europe-west1.firebasedatabase.app/.settings/rules.json 200
[debug] [2023-03-09T15:01:54.941Z] <<< [apiv2][body] GET https://dashboard-angular-4156e-default-rtdb.europe-west1.firebasedatabase.app/.settings/rules.json [stream]
[info] +  Database Rules for dashboard-angular-4156e-default-rtdb have been written to database.rules.json. 
[info] Future modifications to database.rules.json will update Realtime Database Security Rules when you run
[info] firebase deploy.
[info] 
=== Firestore Setup
[debug] [2023-03-09T15:01:54.945Z] >>> [apiv2][query] GET https://serviceusage.googleapis.com/v1/projects/dashboard-angular-4156e/services/firestore.googleapis.com [none]
[debug] [2023-03-09T15:01:54.945Z] >>> [apiv2][(partial)header] GET https://serviceusage.googleapis.com/v1/projects/dashboard-angular-4156e/services/firestore.googleapis.com x-goog-quota-user=projects/dashboard-angular-4156e
[debug] [2023-03-09T15:01:55.346Z] <<< [apiv2][status] GET https://serviceusage.googleapis.com/v1/projects/dashboard-angular-4156e/services/firestore.googleapis.com 200
[debug] [2023-03-09T15:01:55.346Z] <<< [apiv2][body] GET https://serviceusage.googleapis.com/v1/projects/dashboard-angular-4156e/services/firestore.googleapis.com [omitted]
[debug] [2023-03-09T15:01:55.346Z] >>> [apiv2][query] GET https://firestore.googleapis.com/v1/projects/dashboard-angular-4156e/databases/(default) [none]
[debug] [2023-03-09T15:01:55.823Z] <<< [apiv2][status] GET https://firestore.googleapis.com/v1/projects/dashboard-angular-4156e/databases/(default) 200
[debug] [2023-03-09T15:01:55.823Z] <<< [apiv2][body] GET https://firestore.googleapis.com/v1/projects/dashboard-angular-4156e/databases/(default) {"name":"projects/dashboard-angular-4156e/databases/(default)","uid":"cfc161fe-fb41-4df5-8df0-a4e7b801ff26","createTime":"2023-03-09T14:54:45.131081Z","updateTime":"2023-03-09T14:54:45.131081Z","locationId":"eur3","type":"FIRESTORE_NATIVE","concurrencyMode":"PESSIMISTIC","appEngineIntegrationMode":"DISABLED","keyPrefix":"e","etag":"INT05OaOz/0CMIvJor2Nz/0C"}
[debug] [2023-03-09T15:01:55.823Z] database_type: FIRESTORE_NATIVE
[debug] [2023-03-09T15:01:55.823Z] > command requires scopes: ["email","openid","https://www.googleapis.com/auth/cloudplatformprojects.readonly","https://www.googleapis.com/auth/firebase","https://www.googleapis.com/auth/cloud-platform"]
[debug] [2023-03-09T15:01:55.823Z] > authorizing via signed-in user (admin@etsleblanc.fr)
[debug] [2023-03-09T15:01:55.824Z] [iam] checking project dashboard-angular-4156e for permissions ["firebase.projects.get"]
[debug] [2023-03-09T15:01:55.824Z] >>> [apiv2][query] POST https://cloudresourcemanager.googleapis.com/v1/projects/dashboard-angular-4156e:testIamPermissions [none]
[debug] [2023-03-09T15:01:55.824Z] >>> [apiv2][(partial)header] POST https://cloudresourcemanager.googleapis.com/v1/projects/dashboard-angular-4156e:testIamPermissions x-goog-quota-user=projects/dashboard-angular-4156e
[debug] [2023-03-09T15:01:55.824Z] >>> [apiv2][body] POST https://cloudresourcemanager.googleapis.com/v1/projects/dashboard-angular-4156e:testIamPermissions {"permissions":["firebase.projects.get"]}
[debug] [2023-03-09T15:01:56.839Z] <<< [apiv2][status] POST https://cloudresourcemanager.googleapis.com/v1/projects/dashboard-angular-4156e:testIamPermissions 200
[debug] [2023-03-09T15:01:56.840Z] <<< [apiv2][body] POST https://cloudresourcemanager.googleapis.com/v1/projects/dashboard-angular-4156e:testIamPermissions {"permissions":["firebase.projects.get"]}
[info] 
[info] Firestore Security Rules allow you to define how and when to allow
[info] requests. You can keep these rules in your project directory
[info] and publish them with firebase deploy.
[info] 
[debug] [2023-03-09T15:01:58.258Z] >>> [apiv2][query] GET https://firebaserules.googleapis.com/v1/projects/dashboard-angular-4156e/releases pageSize=10&pageToken=
[debug] [2023-03-09T15:01:59.312Z] <<< [apiv2][status] GET https://firebaserules.googleapis.com/v1/projects/dashboard-angular-4156e/releases 200
[debug] [2023-03-09T15:01:59.312Z] <<< [apiv2][body] GET https://firebaserules.googleapis.com/v1/projects/dashboard-angular-4156e/releases {"releases":[{"name":"projects/dashboard-angular-4156e/releases/cloud.firestore","rulesetName":"projects/dashboard-angular-4156e/rulesets/335f5ff0-c4c1-417c-a2bd-2deffc6503ed","createTime":"2023-03-09T14:54:52.269648Z","updateTime":"2023-03-09T14:55:13.754376Z"}]}
[debug] [2023-03-09T15:01:59.312Z] Found ruleset: projects/dashboard-angular-4156e/rulesets/335f5ff0-c4c1-417c-a2bd-2deffc6503ed
[debug] [2023-03-09T15:01:59.312Z] >>> [apiv2][query] GET https://firebaserules.googleapis.com/v1/projects/dashboard-angular-4156e/rulesets/335f5ff0-c4c1-417c-a2bd-2deffc6503ed [none]
[debug] [2023-03-09T15:02:00.074Z] <<< [apiv2][status] GET https://firebaserules.googleapis.com/v1/projects/dashboard-angular-4156e/rulesets/335f5ff0-c4c1-417c-a2bd-2deffc6503ed 200
[debug] [2023-03-09T15:02:00.074Z] <<< [apiv2][body] GET https://firebaserules.googleapis.com/v1/projects/dashboard-angular-4156e/rulesets/335f5ff0-c4c1-417c-a2bd-2deffc6503ed [omitted]
[info] 
[info] Firestore indexes allow you to perform complex queries while
[info] maintaining performance that scales with the size of the result
[info] set. You can keep index definitions in your project directory
[info] and publish them with firebase deploy.
[info] 
[debug] [2023-03-09T15:02:03.490Z] >>> [apiv2][query] GET https://firestore.googleapis.com/v1/projects/dashboard-angular-4156e/databases/(default)/collectionGroups/-/indexes [none]
[debug] [2023-03-09T15:02:03.492Z] >>> [apiv2][query] GET https://firestore.googleapis.com/v1/projects/dashboard-angular-4156e/databases/(default)/collectionGroups/-/fields?filter=indexConfig.usesAncestorConfig=false OR ttlConfig:* [none]
[debug] [2023-03-09T15:02:03.871Z] <<< [apiv2][status] GET https://firestore.googleapis.com/v1/projects/dashboard-angular-4156e/databases/(default)/collectionGroups/-/fields?filter=indexConfig.usesAncestorConfig=false OR ttlConfig:* 200
[debug] [2023-03-09T15:02:03.871Z] <<< [apiv2][body] GET https://firestore.googleapis.com/v1/projects/dashboard-angular-4156e/databases/(default)/collectionGroups/-/fields?filter=indexConfig.usesAncestorConfig=false OR ttlConfig:* {"fields":[{"name":"projects/dashboard-angular-4156e/databases/(default)/collectionGroups/__default__/fields/*","indexConfig":{"indexes":[{"queryScope":"COLLECTION","fields":[{"fieldPath":"*","order":"ASCENDING"}],"state":"READY"},{"queryScope":"COLLECTION","fields":[{"fieldPath":"*","order":"DESCENDING"}],"state":"READY"},{"queryScope":"COLLECTION","fields":[{"fieldPath":"*","arrayConfig":"CONTAINS"}],"state":"READY"}]}}]}
[debug] [2023-03-09T15:02:03.873Z] <<< [apiv2][status] GET https://firestore.googleapis.com/v1/projects/dashboard-angular-4156e/databases/(default)/collectionGroups/-/indexes 200
[debug] [2023-03-09T15:02:03.873Z] <<< [apiv2][body] GET https://firestore.googleapis.com/v1/projects/dashboard-angular-4156e/databases/(default)/collectionGroups/-/indexes {}
[info] 
=== Hosting Setup
[info] 
[info] Your public directory is the folder (relative to your project directory) that
[info] will contain Hosting assets to be uploaded with firebase deploy. If you
[info] have a build process for your assets, use your build's output directory.
[info] 
[info] +  Wrote private/404.html 
[debug] [2023-03-09T15:02:24.901Z] >>> [apiv2][query] GET https://www.gstatic.com/firebasejs/releases.json [none]
[debug] [2023-03-09T15:02:25.305Z] <<< [apiv2][status] GET https://www.gstatic.com/firebasejs/releases.json 200
[debug] [2023-03-09T15:02:25.305Z] <<< [apiv2][body] GET https://www.gstatic.com/firebasejs/releases.json {"current":{"version":"9.17.2","browserURL":"https://www.gstatic.com/firebasejs/9.17.2/firebase.js","packageURL":"https://www.gstatic.com/firebasejs/9.17.2/firebase.tgz"},"live":{"version":"9.17","browserURL":"https://www.gstatic.com/firebasejs/live/9.17/firebase.js","packageURL":"https://www.gstatic.com/firebasejs/live/9.17/firebase.tgz"},"components":{"analytics":"https://www.gstatic.com/firebasejs/9.17.2/firebase-analytics.js","app":"https://www.gstatic.com/firebasejs/9.17.2/firebase-app.js","app-check":"https://www.gstatic.com/firebasejs/9.17.2/firebase-app-check.js","auth":"https://www.gstatic.com/firebasejs/9.17.2/firebase-auth.js","auth/cordova":"https://www.gstatic.com/firebasejs/9.17.2/firebase-auth/cordova.js","auth/react-native":"https://www.gstatic.com/firebasejs/9.17.2/firebase-auth/react-native.js","functions":"https://www.gstatic.com/firebasejs/9.17.2/firebase-functions.js","firestore":"https://www.gstatic.com/firebasejs/9.17.2/firebase-firestore.js","firestore/lite":"https://www.gstatic.com/firebasejs/9.17.2/firebase-firestore/lite.js","installations":"https://www.gstatic.com/firebasejs/9.17.2/firebase-installations.js","storage":"https://www.gstatic.com/firebasejs/9.17.2/firebase-storage.js","performance":"https://www.gstatic.com/firebasejs/9.17.2/firebase-performance.js","remote-config":"https://www.gstatic.com/firebasejs/9.17.2/firebase-remote-config.js","messaging":"https://www.gstatic.com/firebasejs/9.17.2/firebase-messaging.js","messaging/sw":"https://www.gstatic.com/firebasejs/9.17.2/firebase-messaging/sw.js","database":"https://www.gstatic.com/firebasejs/9.17.2/firebase-database.js","firestore.memory":"https://www.gstatic.com/firebasejs/9.17.2/firebase-firestore.memory.js"}}
[info] +  Wrote private/index.html 
[info] 
[info] i  Writing configuration info to firebase.json... 
[info] i  Writing project information to .firebaserc... 
[info] 
[info] +  Firebase initialization complete! 
[debug] [2023-03-09T15:02:49.288Z] Error: Timed out.
    at Timeout._onTimeout (C:\Users\antoi\AppData\Roaming\npm\node_modules\firebase-tools\lib\utils.js:253:49)
    at listOnTimeout (node:internal/timers:568:17)
    at process.processTimers (node:internal/timers:511:7)
[error] 
[error] Error: An unexpected error has occurred.
